"../../../Engine/Content/Functions/Engine_MaterialFunctions01/Opacity/CameraDepthFade.uasset" 0
"../../../Engine/Content/EngineMaterials/T_Default_Material_Grid_M.uasset" 1
"../../../Engine/Content/EngineMaterials/T_Default_Material_Grid_N.uasset" 2
"../../../Engine/Content/EngineMaterials/DefaultMaterial.uasset" 3
"../../../Engine/Content/BasicShapes/Cone.uasset" 4
"../../../Engine/Content/EngineMaterials/WorldGridMaterial.uasset" 5
"../../../Engine/Content/BasicShapes/Cube.uasset" 6
"../../../Engine/Content/BasicShapes/Cylinder.uasset" 7
"../../../Engine/Content/BasicShapes/Plane.uasset" 8
"../../../Engine/Content/EditorLandscapeResources/DataLayer.uasset" 9
"../../../Engine/Content/EditorMaterials/GizmoMaterial.uasset" 10
"../../../Engine/Content/EditorMaterials/MAT_Groups_Toggle.uasset" 11
"../../../Engine/Content/EditorMaterials/MAT_Groups_Visibility.uasset" 12
"../../../Engine/Content/EditorMaterials/PreviewShadowIndicator.uasset" 13
"../../../Engine/Content/EditorMaterials/PreviewShadowIndicatorMaterial.uasset" 14
"../../../Engine/Content/EditorMaterials/AssetViewer/EpicQuadPanorama_CC+EV1.uasset" 15
"../../../Engine/Content/EditorMaterials/MatineeGroups/MAT_ColorTrack.uasset" 16
"../../../Engine/Content/EditorMaterials/MatineeGroups/MAT_Groups_Anim.uasset" 17
"../../../Engine/Content/EditorMaterials/MatineeGroups/MAT_Groups_AudioMaster.uasset" 18
"../../../Engine/Content/EditorMaterials/MatineeGroups/MAT_Groups_Director.uasset" 19
"../../../Engine/Content/EditorMaterials/MatineeGroups/MAT_Groups_Event.uasset" 20
"../../../Engine/Content/EditorMaterials/MatineeGroups/MAT_Groups_Fade.uasset" 21
"../../../Engine/Content/EditorMaterials/MatineeGroups/MAT_Groups_Float.uasset" 22
"../../../Engine/Content/EditorMaterials/MatineeGroups/MAT_Groups_Move.uasset" 23
"../../../Engine/Content/EditorMaterials/MatineeGroups/MAT_Groups_Slomo.uasset" 24
"../../../Engine/Content/EditorMaterials/MatineeGroups/MAT_Groups_Sound.uasset" 25
"../../../Engine/Content/EditorMaterials/MatineeGroups/MAT_Groups_Vector.uasset" 26
"../../../Engine/Content/EditorMaterials/ParticleSystems/PSysThumbnail_NoImage.uasset" 27
"../../../Engine/Content/EditorMaterials/ParticleSystems/PSysThumbnail_OOD.uasset" 28
"../../../Engine/Content/EditorMaterials/Camera/CineMat.uasset" 29
"../../../Engine/Content/EditorMaterials/Camera/MI_CineMat_Rig.uasset" 30
"../../../Engine/Content/EditorMeshes/Camera/SM_CraneRig_Arm.uasset" 31
"../../../Engine/Content/EditorMeshes/Camera/SM_CraneRig_Base.uasset" 32
"../../../Engine/Content/EditorMeshes/Camera/SM_CraneRig_Body.uasset" 33
"../../../Engine/Content/EditorMeshes/Camera/SM_CraneRig_Mount.uasset" 34
"../../../Engine/Content/EditorMeshes/Camera/SM_RailRig_Mount.uasset" 35
"../../../Engine/Content/EditorMeshes/Camera/SM_RailRig_Track.uasset" 36
"../../../Engine/Content/EditorResources/BSPVertex.uasset" 37
"../../../Engine/Content/EditorResources/EmptyActor.uasset" 38
"../../../Engine/Content/EditorResources/RGBTable16x1_AssetViewer.uasset" 39
"../../../Engine/Content/EditorResources/S_Actor.uasset" 40
"../../../Engine/Content/EditorResources/S_Trigger.uasset" 41
"../../../Engine/Content/EditorResources/AudioIcons/S_AudioComponent.uasset" 42
"../../../Engine/Content/EditorResources/AudioIcons/S_AudioComponent_AutoActivate.uasset" 43
"../../../Engine/Content/EditorResources/LightIcons/S_LightError.uasset" 44
"../../../Engine/Content/EditorResources/SequenceRecorder/Countdown.uasset" 45
"../../../Engine/Content/EditorResources/SequenceRecorder/RecordingIndicator.uasset" 46
"../../../Engine/Content/EditorSounds/Notifications/CompileFailed.uasset" 47
"../../../Engine/Content/EditorSounds/Notifications/CompileFailed_Cue.uasset" 48
"../../../Engine/Content/EditorSounds/Notifications/CompileSuccess.uasset" 49
"../../../Engine/Content/EditorSounds/Notifications/CompileStart_Cue.uasset" 50
"../../../Engine/Content/EditorSounds/Notifications/CompileSuccess_Cue.uasset" 51
"../../../Engine/Content/EngineDamageTypes/DmgTypeBP_Environmental.uasset" 52
"../../../Engine/Content/EngineDebugMaterials/HeatmapGradient.uasset" 53
"../../../Engine/Content/EngineDebugMaterials/BoneWeightMaterial.uasset" 54
"../../../Engine/Content/EngineDebugMaterials/DebugMeshMaterial.uasset" 55
"../../../Engine/Content/EngineDebugMaterials/GeomMaterial.uasset" 56
"../../../Engine/Content/EngineFonts/Faces/RobotoBold.uasset" 57
"../../../Engine/Content/EngineFonts/Faces/RobotoBoldItalic.uasset" 58
"../../../Engine/Content/EngineFonts/Faces/RobotoItalic.uasset" 59
"../../../Engine/Content/EngineFonts/Faces/RobotoLight.uasset" 60
"../../../Engine/Content/EngineFonts/Faces/RobotoRegular.uasset" 61
"../../../Engine/Content/EngineFonts/Roboto.uasset" 62
"../../../Engine/Content/EngineFonts/Faces/RobotoTiny.uasset" 63
"../../../Engine/Content/EngineFonts/RobotoTiny.uasset" 64
"../../../Engine/Content/EngineMaterials/DefaultBokeh.uasset" 65
"../../../Engine/Content/EngineMaterials/DefaultDiffuse.uasset" 66
"../../../Engine/Content/EngineMaterials/DefaultDeferredDecalMaterial.uasset" 67
"../../../Engine/Content/EngineMaterials/DefaultLightFunctionMaterial.uasset" 68
"../../../Engine/Content/EngineMaterials/DefaultPhysicalMaterial.uasset" 69
"../../../Engine/Content/Functions/Engine_MaterialFunctions02/Utility/BreakOutFloat2Components.uasset" 70
"../../../Engine/Content/EngineMaterials/DefaultPostProcessMaterial.uasset" 71
"../../../Engine/Content/EngineFonts/RobotoDistanceField.uasset" 72
"../../../Engine/Content/EngineMaterials/DefaultTextMaterialOpaque.uasset" 73
"../../../Engine/Content/EngineMaterials/DefaultWhiteGrid.uasset" 74
"../../../Engine/Content/EngineMaterials/EditorBrushMaterial.uasset" 75
"../../../Engine/Content/EngineMaterials/Good64x64TilingNoiseHighFreq.uasset" 76
"../../../Engine/Content/EngineMaterials/MiniFont.uasset" 77
"../../../Engine/Content/EngineMaterials/InvalidLightmapSettings.uasset" 78
"../../../Engine/Content/EngineMaterials/M_InvalidLightmapSettings.uasset" 79
"../../../Engine/Content/EngineMaterials/PhAT_JointLimitMaterial.uasset" 80
"../../../Engine/Content/EngineMaterials/PreintegratedSkinBRDF.uasset" 81
"../../../Engine/Content/EngineMaterials/RemoveSurfaceMaterial.uasset" 82
"../../../Engine/Content/EngineMaterials/WeightMapPlaceholderTexture.uasset" 83
"../../../Engine/Content/EngineResources/WhiteSquareTexture.uasset" 84
"../../../Engine/Content/EngineMaterials/Widget3DPassThrough.uasset" 85
"../../../Engine/Content/EngineMaterials/Widget3DPassThrough_Masked.uasset" 86
"../../../Engine/Content/EngineMaterials/Widget3DPassThrough_Opaque.uasset" 87
"../../../Engine/Content/EngineMaterials/Widget3DPassThrough_Masked_OneSided.uasset" 88
"../../../Engine/Content/EngineMaterials/Widget3DPassThrough_Opaque_OneSided.uasset" 89
"../../../Engine/Content/EngineMaterials/Widget3DPassThrough_Translucent.uasset" 90
"../../../Engine/Content/EngineMaterials/Widget3DPassThrough_Translucent_OneSided.uasset" 91
"../../../Engine/Content/EngineMeshes/Cube.uasset" 92
"../../../Engine/Content/EngineMeshes/Cylinder.uasset" 93
"../../../Engine/Content/EngineMeshes/Sphere.uasset" 94
"../../../Engine/Content/EngineResources/Black.uasset" 95
"../../../Engine/Content/EngineResources/DefaultTexture.uasset" 96
"../../../Engine/Content/EngineResources/DefaultTextureCube.uasset" 97
"../../../Engine/Content/EngineResources/GradientTexture0.uasset" 98
"../../../Engine/Content/EngineSounds/Master.uasset" 99
"../../../Engine/Content/Functions/Engine_MaterialFunctions01/Shading/ConvertFromDiffSpec.uasset" 100
"../../../Engine/Content/Functions/Engine_MaterialFunctions01/Shading/PowerToRoughness.uasset" 101
"../../../Engine/Content/Maps/Templates/Thumbnails/Default.uasset" 102
"../../../Engine/Content/Maps/Templates/Thumbnails/VR-Basic.uasset" 103
"../../../Engine/Content/MobileResources/T_MobileControls_texture.uasset" 104
"../../../Engine/Content/MobileResources/T_MobileMenu2.uasset" 105
"../../../Engine/Content/MobileResources/HUD/AnalogHat.uasset" 106
"../../../Engine/Content/MobileResources/HUD/VirtualJoystick_Background.uasset" 107
"../../../Engine/Content/MobileResources/HUD/VirtualJoystick_Thumb.uasset" 108
"../../../Engine/Content/MobileResources/HUD/DefaultVirtualJoysticks.uasset" 109
"../../../Engine/Content/MobileResources/HUD/LeftVirtualJoystickOnly.uasset" 110
"../../../Engine/Content/MobileResources/HUD/MobileHUDButton1_off.uasset" 111
"../../../Engine/Content/MobileResources/HUD/MobileHUDButton1_on.uasset" 112
"../../../Engine/Content/MobileResources/HUD/MobileHUDButton2_off.uasset" 113
"../../../Engine/Content/MobileResources/HUD/MobileHUDButton2_on.uasset" 114
"../../../Engine/Content/MobileResources/HUD/MobileHUDButton3.uasset" 115
"../../../Engine/Content/MobileResources/HUD/MobileHUDButtonFire.uasset" 116
"../../../Engine/Content/MobileResources/HUD/MobileHUDDirectionPad.uasset" 117
"../../../Engine/Content/MobileResources/HUD/MobileHUDDirectionPad2.uasset" 118
"../../../Engine/Content/MobileResources/HUD/MobileHUDDirectionPad3.uasset" 119
"../../../Engine/Content/MobileResources/HUD/MobileHUDDirectionStick.uasset" 120
"../../../Engine/Content/MobileResources/HUD/T_Castle_ThumbstickInner.uasset" 121
"../../../Engine/Content/MobileResources/HUD/T_Castle_ThumbstickOutter.uasset" 122
"../../../Engine/Content/Tutorial/ContentIntroCurve.uasset" 123
"../../../Engine/Content/Tutorial/Basics/TutorialAssets/icon_tab_Levels_40x.uasset" 124
"../../../Engine/Content/Tutorial/BlueprintTutorials/TutorialAssets/BlueprintInterface_64x.uasset" 125
"../../../Engine/Content/Tutorial/BlueprintTutorials/TutorialAssets/BlueprintMacroLibrary_64x.uasset" 126
"../../../Engine/Content/Tutorial/BlueprintTutorials/TutorialAssets/Blueprint_64x.uasset" 127
"../../../Engine/Content/Tutorial/BlueprintTutorials/TutorialAssets/Tutorial_BP_Interface.uasset" 128
"../../../Engine/Content/Tutorial/Foliage/TutorialAssets/Foliage.uasset" 129
"../../../Engine/Content/Tutorial/Landscape/TutorialAssets/Landscape.uasset" 130
"../../../Engine/Content/Tutorial/Paper2D/TutorialAssets/Paper2DFlipbook_TutorialIcon.uasset" 131
"../../../Engine/Content/Tutorial/Paper2D/TutorialAssets/Paper2DSprite_TutorialIcon.uasset" 132
"../../../Engine/Content/Tutorial/SubEditors/TutorialAssets/icon_Editor_Preferences_General_40x.uasset" 133
"../../../Engine/Content/Tutorial/SubEditors/TutorialAssets/icon_ShowSkeletalMeshes_40x.uasset" 134
"../../../Engine/Content/Tutorial/SubEditors/TutorialAssets/TutorialMaterial.uasset" 135
"../../../Engine/Content/Tutorial/SubEditors/TutorialAssets/T_SmokeSubUV_8X8.uasset" 136
"../../../Engine/Content/Tutorial/SubEditors/TutorialAssets/T_soft_smoke.uasset" 137
"../../../Engine/Content/Tutorial/SubEditors/TutorialAssets/M_smoke_subUV_blackbody.uasset" 138
"../../../Engine/Content/Tutorial/SubEditors/TutorialAssets/TutorialParticleSystem.uasset" 139
"../../../Engine/Content/EditorMeshes/EditorCube.uasset" 140
"../../../Engine/Content/Tutorial/SubEditors/TutorialAssets/Tutorial_DM.uasset" 141
"../../../Engine/Content/VREditor/Devices/Generic/GenericHMDMaterial.uasset" 142
"../../../Engine/Content/VREditor/Devices/Generic/GenericHMD.uasset" 143
"../../../Engine/Content/VREditor/FloatingText/LineMaterial.uasset" 144
"../../../Engine/Content/VREditor/FloatingText/JointSphere.uasset" 145
"../../../Engine/Content/VREditor/FloatingText/LineSegmentCylinder.uasset" 146
"../../../Engine/Content/VREditor/Fonts/VRText_RobotoLarge.uasset" 147
"../../../Engine/Content/VREditor/Fonts/VRTextMaterial.uasset" 148
"../../../Engine/Content/VREditor/Fonts/TranslucentVRTextMaterial.uasset" 149
"../../../Engine/Content/VREditor/LaserPointer/VR_LaserPower_01.uasset" 150
"../../../Engine/Content/VREditor/LaserPointer/LaserPointerMaterial.uasset" 151
"../../../Engine/Content/VREditor/LaserPointer/LaserPointerMaterialInst.uasset" 152
"../../../Engine/Content/VREditor/LaserPointer/TranslucentLaserPointerMaterialInst.uasset" 153
"../../../Engine/Content/VREditor/LaserPointer/LaserPointerMesh.uasset" 154
"../../../Engine/Content/VREditor/Sounds/VR_grab_Cue.uasset" 155
"../../../Engine/Content/VREditor/Sounds/VR_teleport_Cue.uasset" 156
"../../../Engine/Content/VREditor/TransformGizmo/TransformGizmoMaterial.uasset" 157
"../../../Engine/Content/VREditor/TransformGizmo/TranslucentTransformGizmoMaterial.uasset" 158
"../../../Engine/Content/VREditor/TransformGizmo/BoundingBoxCorner.uasset" 159
"../../../Engine/Content/VREditor/TransformGizmo/BoundingBoxEdge.uasset" 160
"../../../Engine/Content/VREditor/TransformGizmo/PlaneTranslationHandle.uasset" 161
"../../../Engine/Content/VREditor/TransformGizmo/RotationHandle.uasset" 162
"../../../Engine/Content/VREditor/TransformGizmo/RotationHandleFull.uasset" 163
"../../../Engine/Content/VREditor/TransformGizmo/StretchingHandle.uasset" 164
"../../../Engine/Content/VREditor/TransformGizmo/TranslateHandleLong.uasset" 165
"../../../Engine/Content/VREditor/TransformGizmo/TranslationHandle.uasset" 166
"../../../Engine/Content/VREditor/TransformGizmo/UniformScaleHandle.uasset" 167
"../../../Engine/Content/VREditor/UI/CloseButtonMesh.uasset" 168
"../../../Engine/Content/VREditor/UI/SelectionBarMesh.uasset" 169
"../../../Engine/Content/Functions/Engine_MaterialFunctions01/Gradient/RadialGradient.uasset" 170
"../../../Engine/Content/VREditor/WorldMovementGrid/SimpleGrid.uasset" 171
"../../../Engine/Content/VREditor/WorldMovementGrid/GridMaterial.uasset" 172
"../../../Engine/Content/Functions/Engine_MaterialFunctions01/Density/ExponentialDensity.uasset" 173
"../../../Engine/Content/VREditor/WorldMovementGrid/GridPostProcess.uasset" 174
"../../../Engine/Content/EditorLandscapeResources/FlattenHeightMat.uasset" 175
"../../../Engine/Content/VREditor/WorldMovementGrid/PlaneMesh.uasset" 176
"../../../Movement/Content/seethrough.uasset" 177
"../../../Movement/Content/ShipAssets/NewFinalPlayer/player_3-9_Skeleton.uasset" 178
"../../../Movement/Content/Animations/player_3-9.uasset" 179
"../../../Movement/Content/Animations/player_3-9_Anim.uasset" 180
"../../../Movement/Content/Asteroids/Material__25.uasset" 181
"../../../Movement/Content/Asteroids/PICKUP_PH_UV.uasset" 182
"../../../Movement/Content/Asteroids/PICKUP_PH_UV_Mat.uasset" 183
"../../../Movement/Content/Asteroids/pickupPH.uasset" 184
"../../../Engine/Content/EditorBlueprintResources/StandardMacros.uasset" 185
"../../../Movement/Content/ShipAssets/NewFinalPlayer/player_3-9_Anim.uasset" 186
"../../../Movement/Content/ShipAssets/PlayerShipFinal/ALL_AMR_ENG.uasset" 187
"../../../Movement/Content/ShipAssets/PlayerShipFinal/Player_Bridge__normals.uasset" 188
"../../../Movement/Content/ShipAssets/PlayerShipFinal/Player_Bridge__occlusion.uasset" 189
"../../../Movement/Content/ShipAssets/PlayerShipFinal/PLAYER_Bridge_T.uasset" 190
"../../../Movement/Content/ShipAssets/PlayerShipFinal/Material__0.uasset" 191
"../../../Movement/Content/ShipAssets/PlayerShipFinal/PLAYER_HULL_N.uasset" 192
"../../../Movement/Content/ShipAssets/PlayerShipFinal/PLAYER_HULL_T.uasset" 193
"../../../Movement/Content/ShipAssets/PlayerShipFinal/Xnormaltest_occlusion.uasset" 194
"../../../Movement/Content/ShipAssets/PlayerShipFinal/PLAYER_HULL.uasset" 195
"../../../Movement/Content/StarterContent/Textures/T_MacroVariation.uasset" 196
"../../../Movement/Content/StarterContent/Textures/T_Metal_Aluminum_D.uasset" 197
"../../../Movement/Content/StarterContent/Textures/T_Metal_Gold_N.uasset" 198
"../../../Movement/Content/StarterContent/Materials/GlueBlow2.uasset" 199
"../../../Movement/Content/ShipAssets/PlayerShipFinal/player_3-9_PhysicsAsset.uasset" 200
"../../../Movement/Content/ShipAssets/PlayerShipFinal/player_3-9_Skeleton.uasset" 201
"../../../Movement/Content/ShipAssets/PlayerShipFinal/player_3-9.uasset" 202
"../../../Movement/Content/Blueprints/Decoy_BP.uasset" 203
"../../../Movement/Content/Raynes/FollowerBB.uasset" 204
"../../../Movement/Content/Raynes/AISight.uasset" 205
"../../../Movement/Content/Raynes/BoolCheck.uasset" 206
"../../../Movement/Content/Raynes/ProbeBB.uasset" 207
"../../../Movement/Content/Raynes/AISight_Probe.uasset" 208
"../../../Movement/Content/Raynes/FireProbe.uasset" 209
"../../../Movement/Content/Raynes/LoseActions.uasset" 210
"../../../Movement/Content/Raynes/PatrolPoint.uasset" 211
"../../../Movement/Content/Raynes/NextPatrolProbe.uasset" 212
"../../../Movement/Content/Raynes/ResumePatrol.uasset" 213
"../../../Movement/Content/Raynes/ProbeBT.uasset" 214
"../../../Movement/Content/Raynes/Probe_AI_CON.uasset" 215
"../../../Movement/Content/ShipAssets/HHH/AI_HH_BDG_N.uasset" 216
"../../../Movement/Content/ShipAssets/HHH/AI_HH_BDG_O.uasset" 217
"../../../Movement/Content/ShipAssets/HHH/AI_HH_BDG_T.uasset" 218
"../../../Movement/Content/ShipAssets/HHH/ALL_AMR_ENG.uasset" 219
"../../../Movement/Content/ShipAssets/HHH/AI_HH_HULL_N.uasset" 220
"../../../Movement/Content/ShipAssets/HHH/AI_HH_HULL_O.uasset" 221
"../../../Movement/Content/ShipAssets/HHH/AI_HH_HULL_T.uasset" 222
"../../../Movement/Content/ShipAssets/HHH/PLAYER_HULL.uasset" 223
"../../../Movement/Content/ShipAssets/HHH/AI_hammerhead_PhysicsAsset.uasset" 224
"../../../Movement/Content/ShipAssets/HHH/AI_hammerhead_Skeleton.uasset" 225
"../../../Movement/Content/ShipAssets/HHH/AI_hammerhead.uasset" 226
"../../../Movement/Content/Raynes/AI_Character_Radar.uasset" 227
"../../../Movement/Content/Raynes/RadarBB.uasset" 228
"../../../Movement/Content/Raynes/AISight_Radar.uasset" 229
"../../../Movement/Content/Raynes/NextPatrolRadar.uasset" 230
"../../../Movement/Content/Raynes/RadarBT.uasset" 231
"../../../Movement/Content/Raynes/Radar_AI_CON.uasset" 232
"../../../Movement/Content/Raynes/FollowTarget.uasset" 233
"../../../Movement/Content/Raynes/NextPatrol.uasset" 234
"../../../Movement/Content/Raynes/FollowerBT.uasset" 235
"../../../Movement/Content/Raynes/Follower_AI_CON.uasset" 236
"../../../Movement/Content/ShipAssets/Giraffe/AI_GR_BDG_N.uasset" 237
"../../../Movement/Content/ShipAssets/Giraffe/AI_GR_BDG_O.uasset" 238
"../../../Movement/Content/ShipAssets/Giraffe/AI_GR_BDG_T.uasset" 239
"../../../Movement/Content/ShipAssets/Giraffe/_AI_GR_GUNSAI_Graph_SET.uasset" 240
"../../../Movement/Content/ShipAssets/Giraffe/Material__0.uasset" 241
"../../../Movement/Content/ShipAssets/Giraffe/AI_GR_HULL_N.uasset" 242
"../../../Movement/Content/ShipAssets/Giraffe/AI_GR_HULL_O.uasset" 243
"../../../Movement/Content/ShipAssets/Giraffe/AI_GR_HULL_T.uasset" 244
"../../../Movement/Content/ShipAssets/Giraffe/PLAYER_HULL.uasset" 245
"../../../Movement/Content/ShipAssets/NewFinalPlayer/AMR_ENG_N.uasset" 246
"../../../Movement/Content/ShipAssets/NewFinalPlayer/ALL_AMR_ENG.uasset" 247
"../../../Movement/Content/ShipAssets/Giraffe/GRAPH_PhysicsAsset.uasset" 248
"../../../Movement/Content/ShipAssets/Giraffe/GRAPH_Skeleton.uasset" 249
"../../../Movement/Content/ShipAssets/Giraffe/GRAPH.uasset" 250
"../../../Movement/Content/Raynes/AI_Character.uasset" 251
"../../../Movement/Content/Blueprints/ProbeEffect_BP.uasset" 252
"../../../Movement/Content/StarterContent/Materials/RedGlow.uasset" 253
"../../../Movement/Content/StarterContent/Props/MaterialSphere.uasset" 254
"../../../Movement/Content/Blueprints/EnemyProbe.uasset" 255
"../../../Movement/Content/ShipAssets/ProbeSheep/AI_CV_BDG_N.uasset" 256
"../../../Movement/Content/ShipAssets/ProbeSheep/AI_CV_BDG_O.uasset" 257
"../../../Movement/Content/ShipAssets/ProbeSheep/AI_CV_BDG_T.uasset" 258
"../../../Movement/Content/ShipAssets/ProbeSheep/Material__0.uasset" 259
"../../../Movement/Content/ShipAssets/ProbeSheep/AI_CV_HULL_N.uasset" 260
"../../../Movement/Content/ShipAssets/ProbeSheep/AI_CV_HULL_O.uasset" 261
"../../../Movement/Content/ShipAssets/ProbeSheep/AI_CV_HULL_T.uasset" 262
"../../../Movement/Content/ShipAssets/ProbeSheep/PLAYER_HULL.uasset" 263
"../../../Movement/Content/ShipAssets/ProbeSheep/CV_PhysicsAsset.uasset" 264
"../../../Movement/Content/ShipAssets/ProbeSheep/CV_Skeleton.uasset" 265
"../../../Movement/Content/ShipAssets/ProbeSheep/CV.uasset" 266
"../../../Movement/Content/Raynes/AI_Character_Probe.uasset" 267
"../../../Movement/Content/Blueprints/EnemyProbeEffect.uasset" 268
"../../../Movement/Content/Sky/SpessSky.uasset" 269
"../../../Movement/Content/StarterContent/Materials/M_Metal_Burnished_Steel_2.uasset" 270
"../../../Movement/Content/StarterContent/Materials/M_Basic_Wall.uasset" 271
"../../../Movement/Content/StarterContent/Shapes/Shape_Cylinder.uasset" 272
"../../../Movement/Content/Blueprints/MirrorField_BP.uasset" 273
"../../../Movement/Content/StarterContent/Materials/GlueBlow.uasset" 274
"../../../Engine/Content/BasicShapes/Sphere.uasset" 275
"../../../Movement/Content/Blueprints/MirrorShot_BP.uasset" 276
"../../../Movement/Content/Blueprints/PotentialObjectiveSpawns_BP.uasset" 277
"../../../Movement/Content/StarterContent/Materials/GurplePlow3.uasset" 278
"../../../Movement/Content/Blueprints/Objective_BP.uasset" 279
"../../../Movement/Content/Blueprints/Probe_BP.uasset" 280
"../../../Movement/Content/ShipAssets/NewFinalPlayer/Player_Bridge__normals.uasset" 281
"../../../Movement/Content/ShipAssets/NewFinalPlayer/PLAYER_Bridge_T.uasset" 282
"../../../Movement/Content/ShipAssets/NewFinalPlayer/PLAYER_bridge.uasset" 283
"../../../Movement/Content/ShipAssets/NewFinalPlayer/PLAYER_HULL_N.uasset" 284
"../../../Movement/Content/ShipAssets/NewFinalPlayer/PLAYER_HULL_T.uasset" 285
"../../../Movement/Content/ShipAssets/NewFinalPlayer/PLAYER_HULL.uasset" 286
"../../../Movement/Content/ShipAssets/NewFinalPlayer/player_3-9_PhysicsAsset.uasset" 287
"../../../Movement/Content/ShipAssets/NewFinalPlayer/player_3-9.uasset" 288
"../../../Movement/Content/Blueprints/MovementCharacter_BP.uasset" 289
"../../../Movement/Content/Blueprints/HUD.uasset" 290
"../../../Movement/Content/crosshair.uasset" 291
"../../../Movement/Content/Blueprints/HUD_BP.uasset" 292
"../../../Movement/Content/Blueprints/HULLMat.uasset" 293
"../../../Movement/Content/Blueprints/RealHUD_BP.uasset" 294
"../../../Movement/Content/Blueprints/MovementGameMode_BP.uasset" 295
"../../../Movement/Content/Blueprints/ShipAnimations.uasset" 296
"../../../Movement/Content/EnemyShips/VIPER/Material__0.uasset" 297
"../../../Movement/Content/EnemyShips/VIPER/VIPER.uasset" 298
"../../../Movement/Content/Geometry/Meshes/CubeMaterial.uasset" 299
"../../../Movement/Content/Geometry/Meshes/1M_Cube_Chamfer.uasset" 300
"../../../Movement/Content/Mannequin/Character/Mesh/UE4_Mannequin_Skeleton.uasset" 301
"../../../Movement/Content/Mannequin/Animations/ThirdPersonJump_End.uasset" 302
"../../../Movement/Content/Raynes/FollowerBB_2.uasset" 303
"../../../Movement/Content/ShipAssets/Giraffe/ALL_AMR_ENG.uasset" 304
"../../../Movement/Content/ShipAssets/Giraffe/GRAPH_Anim.uasset" 305
"../../../Movement/Content/ShipAssets/HHH/AI_hammerhead_Anim.uasset" 306
"../../../Movement/Content/ShipAssets/PlayerShipFinal/player_3-9_Anim.uasset" 307
"../../../Movement/Content/ShipAssets/ProbeSheep/ALL_AMR_ENG.uasset" 308
"../../../Movement/Content/ShipAssets/ProbeSheep/CV_Anim.uasset" 309
"../../../Movement/Content/StarterContent/Architecture/Pillar_50x500.uasset" 310
"../../../Movement/Content/StarterContent/Architecture/Wall_400x300.uasset" 311
"../../../Movement/Content/StarterContent/Architecture/Wall_400x400.uasset" 312
"../../../Movement/Content/StarterContent/Architecture/Wall_500x500.uasset" 313
"../../../Movement/Content/StarterContent/Architecture/Wall_Door_400x400.uasset" 314
"../../../Movement/Content/StarterContent/Architecture/Wall_Window_400x400.uasset" 315
"../../../Movement/Content/StarterContent/Audio/Light01_Cue.uasset" 316
"../../../Movement/Content/StarterContent/Audio/Light02_Cue.uasset" 317
"../../../Movement/Content/StarterContent/Audio/Explosion_Cue.uasset" 318
"../../../Movement/Content/StarterContent/Textures/T_Burst_M.uasset" 319
"../../../Movement/Content/StarterContent/Particles/Materials/M_Burst.uasset" 320
"../../../Movement/Content/StarterContent/Textures/T_Explosion_SubUV.uasset" 321
"../../../Movement/Content/StarterContent/Particles/Materials/M_explosion_subUV.uasset" 322
"../../../Movement/Content/StarterContent/Particles/Materials/m_flare_01.uasset" 323
"../../../Movement/Content/StarterContent/Particles/Materials/M_radial_ramp.uasset" 324
"../../../Movement/Content/StarterContent/Textures/T_Smoke_SubUV.uasset" 325
"../../../Movement/Content/StarterContent/Textures/T_Smoke_Tiled_D.uasset" 326
"../../../Movement/Content/StarterContent/Particles/Materials/M_smoke_subUV.uasset" 327
"../../../Movement/Content/StarterContent/Particles/P_Explosion.uasset" 328
"../../../Movement/Content/StarterContent/Blueprints/Blueprint_Effect_Explosion.uasset" 329
"../../../Movement/Content/StarterContent/Materials/GlueBlow3.uasset" 330
"../../../Engine/Content/EditorMeshes/ColorCalibrator/T_ColorGrid.uasset" 331
"../../../Movement/Content/StarterContent/Materials/M_ColorGrid_LowSpec.uasset" 332
"../../../Movement/Content/StarterContent/Textures/T_Bush_D.uasset" 333
"../../../Movement/Content/StarterContent/Textures/T_Bush_N.uasset" 334
"../../../Movement/Content/StarterContent/Props/Materials/M_Bush.uasset" 335
"../../../Movement/Content/StarterContent/Props/SM_Bush.uasset" 336
"../../../Movement/Content/StarterContent/Textures/T_Chair_M.uasset" 337
"../../../Movement/Content/StarterContent/Textures/T_Chair_N.uasset" 338
"../../../Movement/Content/StarterContent/Props/Materials/M_Chair.uasset" 339
"../../../Movement/Content/StarterContent/Props/SM_Couch.uasset" 340
"../../../Movement/Content/StarterContent/Materials/M_Glass.uasset" 341
"../../../Movement/Content/StarterContent/Textures/T_Door_M.uasset" 342
"../../../Movement/Content/StarterContent/Textures/T_Door_N.uasset" 343
"../../../Movement/Content/StarterContent/Props/Materials/M_Door.uasset" 344
"../../../Movement/Content/StarterContent/Props/SM_Door.uasset" 345
"../../../Movement/Content/StarterContent/Props/Materials/M_MaterialSphere.uasset" 346
"../../../Movement/Content/StarterContent/Props/Materials/M_MaterialSphere_Plain.uasset" 347
"../../../Movement/Content/StarterContent/Props/SM_MatPreviewMesh_02.uasset" 348
"../../../Engine/Content/Functions/Engine_MaterialFunctions02/Utility/BlendAngleCorrectedNormals.uasset" 349
"../../../Movement/Content/StarterContent/Textures/T_Detail_Rocky_N.uasset" 350
"../../../Movement/Content/StarterContent/Textures/T_Rock_Basalt_D.uasset" 351
"../../../Movement/Content/StarterContent/Textures/T_RockMesh_M.uasset" 352
"../../../Movement/Content/StarterContent/Textures/T_RockMesh_N.uasset" 353
"../../../Movement/Content/StarterContent/Props/Materials/M_Rock.uasset" 354
"../../../Movement/Content/StarterContent/Props/SM_Rock.uasset" 355
"../../../Movement/Content/StarterContent/Textures/T_Shelf_M.uasset" 356
"../../../Movement/Content/StarterContent/Textures/T_Shelf_N.uasset" 357
"../../../Movement/Content/StarterContent/Props/Materials/M_Shelf.uasset" 358
"../../../Movement/Content/StarterContent/Props/SM_Shelf.uasset" 359
"../../../Movement/Content/StarterContent/Materials/M_Basic_Floor.uasset" 360
"../../../Movement/Content/StarterContent/Props/SM_Stairs.uasset" 361
"../../../Movement/Content/StarterContent/Shapes/Shape_Cone.uasset" 362
"../../../Movement/Content/StarterContent/Shapes/Shape_NarrowCapsule.uasset" 363
"../../../Movement/Content/StarterContent/Shapes/Shape_Pipe.uasset" 364
"../../../Movement/Content/StarterContent/Shapes/Shape_Pipe_180.uasset" 365
"../../../Movement/Content/StarterContent/Shapes/Shape_Pipe_90.uasset" 366
"../../../Movement/Content/StarterContent/Shapes/Shape_Plane.uasset" 367
"../../../Movement/Content/StarterContent/Shapes/Shape_Torus.uasset" 368
"../../../Movement/Content/StarterContent/Shapes/Shape_Trim.uasset" 369
"../../../Movement/Content/StarterContent/Shapes/Shape_Trim_90_In.uasset" 370
"../../../Movement/Content/StarterContent/Shapes/Shape_Trim_90_Out.uasset" 371
"../../../Movement/Content/StarterContent/Shapes/Shape_TriPyramid.uasset" 372
"../../../Movement/Content/StarterContent/Shapes/Shape_Tube.uasset" 373
"../../../Movement/Content/StarterContent/Shapes/Shape_Wedge_A.uasset" 374
"../../../Movement/Content/StarterContent/Shapes/Shape_Wedge_B.uasset" 375
"../../../Movement/Content/StarterContent/Shapes/Shape_WideCapsule.uasset" 376
"../../../Movement/Content/ThirdPerson/Meshes/RampMaterial.uasset" 377
"../../../Movement/Content/ThirdPerson/Meshes/Bump_StaticMesh.uasset" 378
"../../../Movement/Content/ThirdPerson/Meshes/LeftArm_StaticMesh.uasset" 379
"../../../Movement/Content/ThirdPerson/Meshes/Linear_Stair_StaticMesh.uasset" 380
"../../../Movement/Content/ThirdPerson/Meshes/Ramp_StaticMesh.uasset" 381
"../../../Movement/Content/ThirdPerson/Meshes/RightArm_StaticMesh.uasset" 382
"../../../Movement/Content/Mannequin/Animations/ThirdPerson_Jump.uasset" 383
"../../../Movement/Content/Mannequin/Animations/ThirdPersonJump_Loop.uasset" 384
"../../../Movement/Content/Mannequin/Animations/ThirdPersonJump_Start.uasset" 385
"../../../Movement/Content/Mannequin/Animations/ThirdPersonIdle.uasset" 386
"../../../Movement/Content/Mannequin/Animations/ThirdPersonRun.uasset" 387
"../../../Movement/Content/Mannequin/Animations/ThirdPersonWalk.uasset" 388
"../../../Movement/Content/Mannequin/Animations/ThirdPerson_IdleRun_2D.uasset" 389
"../../../Movement/Content/Mannequin/Animations/ThirdPerson_AnimBP.uasset" 390
"../../../Engine/Content/Functions/MaterialLayerFunctions/MatLayerBlend_NormalBlend.uasset" 391
"../../../Engine/Content/Functions/MaterialLayerFunctions/MatLayerBlend_Simple.uasset" 392
"../../../Movement/Content/Mannequin/Character/Materials/MaterialLayers/T_ML_Rubber_Blue_01_D.uasset" 393
"../../../Movement/Content/Mannequin/Character/Materials/MaterialLayers/T_ML_Rubber_Blue_01_N.uasset" 394
"../../../Movement/Content/Mannequin/Character/Materials/MaterialLayers/ML_GlossyBlack_Latex_UE4.uasset" 395
"../../../Movement/Content/Mannequin/Character/Materials/MaterialLayers/ML_Plastic_Shiny_Beige.uasset" 396
"../../../Movement/Content/Mannequin/Character/Textures/UE4_LOGO_CARD.uasset" 397
"../../../Movement/Content/Mannequin/Character/Materials/MaterialLayers/ML_Plastic_Shiny_Beige_LOGO.uasset" 398
"../../../Movement/Content/Mannequin/Character/Materials/MaterialLayers/T_ML_Aluminum01.uasset" 399
"../../../Movement/Content/Mannequin/Character/Materials/MaterialLayers/T_ML_Aluminum01_N.uasset" 400
"../../../Movement/Content/Mannequin/Character/Materials/MaterialLayers/ML_SoftMetal_UE4.uasset" 401
"../../../Movement/Content/Mannequin/Character/Textures/UE4_Mannequin__normals.uasset" 402
"../../../Movement/Content/Mannequin/Character/Textures/UE4_Mannequin_MAT_MASKA.uasset" 403
"../../../Movement/Content/Mannequin/Character/Materials/M_UE4Man_Body.uasset" 404
"../../../Movement/Content/Mannequin/Character/Textures/UE4Man_Logo_N.uasset" 405
"../../../Movement/Content/Mannequin/Character/Materials/M_UE4Man_ChestLogo.uasset" 406
"../../../Movement/Content/Mannequin/Character/Mesh/SK_Mannequin_PhysicsAsset.uasset" 407
"../../../Movement/Content/Mannequin/Character/Mesh/SK_Mannequin.uasset" 408
"../../../Movement/Content/ThirdPersonCPP/Blueprints/ThirdPersonCharacter.uasset" 409
"../../../Engine/Plugins/2D/Paper2D/Content/DummySprite.uasset" 410
"../../../Engine/Plugins/2D/Paper2D/Content/DefaultPaperTerrainMaterial.uasset" 411
"../../../Engine/Plugins/2D/Paper2D/Content/DefaultSpriteMaterial.uasset" 412
"../../../Engine/Plugins/2D/Paper2D/Content/MaskedUnlitSpriteMaterial.uasset" 413
"../../../Engine/Plugins/2D/Paper2D/Content/OpaqueUnlitSpriteMaterial.uasset" 414
"../../../Engine/Plugins/2D/Paper2D/Content/PlaceholderTextures/DummySpriteTexture.uasset" 415
"../../../Movement/Content/StarterContent/Blueprints/Assets/FogBrightnessLUT.uasset" 416
"../../../Movement/Content/StarterContent/Blueprints/Assets/SunlightColorLUT.uasset" 417
"../../../Movement/Content/StarterContent/Blueprints/Assets/M_LightStage_Arrows.uasset" 418
"../../../Engine/Content/MapTemplates/Sky/DaylightAmbientCubemap.uasset" 419
"../../../Movement/Content/StarterContent/Blueprints/Assets/M_LightStage_Skybox_Master.uasset" 420
"../../../Movement/Content/StarterContent/Blueprints/Assets/M_LightStage_Skybox_Black.uasset" 421
"../../../Movement/Content/StarterContent/Blueprints/Assets/M_LightStage_Skybox_HDRI.uasset" 422
"../../../Engine/Content/EditorMaterials/Thumbnails/SkySphereMaterial.uasset" 423
"../../../Movement/Content/StarterContent/Blueprints/Assets/Skybox.uasset" 424
"../../../Movement/Content/StarterContent/Blueprints/Assets/SM_Arrows.uasset" 425
"../../../Movement/Content/StarterContent/HDRI/HDRI_Epic_Courtyard_Daylight.uasset" 426
"../../../Movement/Content/StarterContent/Blueprints/BP_LightStudio.uasset" 427
"../../../Movement/Content/StarterContent/Maps/Advanced_Lighting_BuiltData.uasset" 428
"../../../Movement/Content/StarterContent/Materials/M_AssetPlatform.uasset" 429
"../../../Engine/Content/EditorMeshes/ColorCalibrator/M_ChromeBall.uasset" 430
"../../../Engine/Content/EditorMeshes/ColorCalibrator/M_ClearCoat.uasset" 431
"../../../Engine/Content/EditorMeshes/ColorCalibrator/M_ClearCoatBlack.uasset" 432
"../../../Engine/Content/EditorMeshes/ColorCalibrator/M_ColorGrid.uasset" 433
"../../../Engine/Content/EditorMeshes/ColorCalibrator/M_GreyBall.uasset" 434
"../../../Engine/Content/EditorMeshes/ColorCalibrator/SM_ColorCalibrator.uasset" 435
"../../../Movement/Content/StarterContent/Architecture/SM_AssetPlatform.uasset" 436
"../../../Movement/Content/StarterContent/Maps/Advanced_Lighting.umap" 437
"../../../Engine/Content/EngineSky/C_Sky_Cloud_Color.uasset" 438
"../../../Engine/Content/EngineSky/C_Sky_Horizon_Color.uasset" 439
"../../../Engine/Content/EngineSky/C_Sky_Zenith_Color.uasset" 440
"../../../Engine/Content/EngineSky/T_Sky_Blue.uasset" 441
"../../../Engine/Content/EngineSky/T_Sky_Clouds_M.uasset" 442
"../../../Engine/Content/EngineSky/T_Sky_Stars.uasset" 443
"../../../Engine/Content/EngineSky/M_Sky_Panning_Clouds2.uasset" 444
"../../../Engine/Content/EngineSky/SM_SkySphere.uasset" 445
"../../../Engine/Content/EngineSky/BP_Sky_Sphere.uasset" 446
"../../../Movement/Content/StarterContent/Maps/Minimal_Default_BuiltData.uasset" 447
"../../../Movement/Content/StarterContent/Materials/M_Metal_Brushed_Nickel.uasset" 448
"../../../Movement/Content/StarterContent/Materials/M_Metal_Burnished_Steel.uasset" 449
"../../../Movement/Content/StarterContent/Textures/T_Metal_Copper_D.uasset" 450
"../../../Movement/Content/StarterContent/Materials/M_Metal_Copper.uasset" 451
"../../../Movement/Content/StarterContent/Textures/T_Statue_M.uasset" 452
"../../../Movement/Content/StarterContent/Textures/T_Statue_N.uasset" 453
"../../../Movement/Content/StarterContent/Props/Materials/M_StatueGlass.uasset" 454
"../../../Movement/Content/StarterContent/Architecture/Floor_400x400.uasset" 455
"../../../Movement/Content/StarterContent/Audio/Starter_Background_Cue.uasset" 456
"../../../Movement/Content/StarterContent/Props/SM_Chair.uasset" 457
"../../../Movement/Content/StarterContent/Props/Materials/M_Statue.uasset" 458
"../../../Movement/Content/StarterContent/Props/SM_Statue.uasset" 459
"../../../Movement/Content/StarterContent/Textures/T_TableRound_M.uasset" 460
"../../../Movement/Content/StarterContent/Textures/T_TableRound_N.uasset" 461
"../../../Movement/Content/StarterContent/Props/Materials/M_TableRound.uasset" 462
"../../../Movement/Content/StarterContent/Props/SM_TableRound.uasset" 463
"../../../Movement/Content/StarterContent/Maps/Minimal_Default.umap" 464
"../../../Movement/Content/StarterContent/Audio/Fire01_Cue.uasset" 465
"../../../Movement/Content/StarterContent/Textures/T_Fire_SubUV.uasset" 466
"../../../Movement/Content/StarterContent/Textures/T_Fire_Tiled_D.uasset" 467
"../../../Movement/Content/StarterContent/Particles/Materials/M_Fire_SubUV.uasset" 468
"../../../Movement/Content/StarterContent/Textures/T_Water_N.uasset" 469
"../../../Movement/Content/StarterContent/Particles/Materials/M_Heat_Distortion.uasset" 470
"../../../Movement/Content/StarterContent/Particles/Materials/M_Radial_Gradient.uasset" 471
"../../../Movement/Content/StarterContent/Particles/P_Fire.uasset" 472
"../../../Movement/Content/StarterContent/Blueprints/Blueprint_Effect_Fire.uasset" 473
"../../../Movement/Content/StarterContent/Audio/Smoke01_Cue.uasset" 474
"../../../Movement/Content/StarterContent/Particles/P_Smoke.uasset" 475
"../../../Movement/Content/StarterContent/Blueprints/Blueprint_Effect_Smoke.uasset" 476
"../../../Movement/Content/StarterContent/Audio/Fire_Sparks01_Cue.uasset" 477
"../../../Movement/Content/StarterContent/Textures/T_Spark_Core.uasset" 478
"../../../Movement/Content/StarterContent/Particles/Materials/M_Spark.uasset" 479
"../../../Movement/Content/StarterContent/Particles/P_Sparks.uasset" 480
"../../../Movement/Content/StarterContent/Blueprints/Blueprint_Effect_Sparks.uasset" 481
"../../../Movement/Content/StarterContent/Audio/Steam01_Cue.uasset" 482
"../../../Movement/Content/StarterContent/Particles/P_Steam_Lit.uasset" 483
"../../../Movement/Content/StarterContent/Blueprints/Blueprint_Effect_Steam.uasset" 484
"../../../Movement/Content/StarterContent/Textures/T_Lamp_M.uasset" 485
"../../../Movement/Content/StarterContent/Textures/T_Lamp_N.uasset" 486
"../../../Movement/Content/StarterContent/Props/Materials/M_Lamp.uasset" 487
"../../../Movement/Content/StarterContent/Props/SM_Lamp_Ceiling.uasset" 488
"../../../Movement/Content/StarterContent/Blueprints/Blueprint_CeilingLight.uasset" 489
"../../../Movement/Content/StarterContent/Props/SM_Lamp_Wall.uasset" 490
"../../../Movement/Content/StarterContent/Blueprints/Blueprint_WallSconce.uasset" 491
"../../../Movement/Content/StarterContent/Maps/StarterMap_BuiltData.uasset" 492
"../../../Engine/Content/Functions/Engine_MaterialFunctions03/Procedurals/ComputeFilterWidth.uasset" 493
"../../../Engine/Content/EngineMaterials/AntiAliasedTextMaterialTranslucent.uasset" 494
"../../../Movement/Content/StarterContent/Textures/T_Brick_Clay_Beveled_D.uasset" 495
"../../../Movement/Content/StarterContent/Textures/T_Brick_Clay_Beveled_M.uasset" 496
"../../../Movement/Content/StarterContent/Textures/T_Brick_Clay_Beveled_N.uasset" 497
"../../../Movement/Content/StarterContent/Materials/M_Brick_Clay_Beveled.uasset" 498
"../../../Movement/Content/StarterContent/Textures/T_Brick_Clay_New_D.uasset" 499
"../../../Movement/Content/StarterContent/Textures/T_Brick_Clay_New_M.uasset" 500
"../../../Movement/Content/StarterContent/Textures/T_Brick_Clay_New_N.uasset" 501
"../../../Movement/Content/StarterContent/Materials/M_Brick_Clay_New.uasset" 502
"../../../Movement/Content/StarterContent/Textures/T_Brick_Clay_Old_D.uasset" 503
"../../../Movement/Content/StarterContent/Textures/T_Brick_Clay_Old_N.uasset" 504
"../../../Movement/Content/StarterContent/Textures/T_Perlin_Noise_M.uasset" 505
"../../../Movement/Content/StarterContent/Materials/M_Brick_Clay_Old.uasset" 506
"../../../Movement/Content/StarterContent/Textures/T_Brick_Cut_Stone_D.uasset" 507
"../../../Movement/Content/StarterContent/Textures/T_Brick_Cut_Stone_N.uasset" 508
"../../../Movement/Content/StarterContent/Materials/M_Brick_Cut_Stone.uasset" 509
"../../../Movement/Content/StarterContent/Textures/T_Brick_Hewn_Stone_D.uasset" 510
"../../../Movement/Content/StarterContent/Textures/T_Brick_Hewn_Stone_M.uasset" 511
"../../../Movement/Content/StarterContent/Textures/T_Brick_Hewn_Stone_N.uasset" 512
"../../../Movement/Content/StarterContent/Materials/M_Brick_Hewn_Stone.uasset" 513
"../../../Movement/Content/StarterContent/Textures/T_Ceramic_Tile_M.uasset" 514
"../../../Movement/Content/StarterContent/Textures/T_Ceramic_Tile_N.uasset" 515
"../../../Movement/Content/StarterContent/Textures/T_Rock_Marble_Polished_D.uasset" 516
"../../../Movement/Content/StarterContent/Materials/M_Ceramic_Tile_Checker.uasset" 517
"../../../Movement/Content/StarterContent/Textures/T_CobbleStone_Pebble_D.uasset" 518
"../../../Movement/Content/StarterContent/Textures/T_CobbleStone_Pebble_M.uasset" 519
"../../../Movement/Content/StarterContent/Textures/T_CobbleStone_Pebble_N.uasset" 520
"../../../Movement/Content/StarterContent/Materials/M_CobbleStone_Pebble.uasset" 521
"../../../Movement/Content/StarterContent/Textures/T_CobbleStone_Rough_D.uasset" 522
"../../../Movement/Content/StarterContent/Textures/T_CobbleStone_Rough_N.uasset" 523
"../../../Movement/Content/StarterContent/Textures/T_Gradinet_01.uasset" 524
"../../../Movement/Content/StarterContent/Textures/T_Rock_Smooth_Granite_D.uasset" 525
"../../../Movement/Content/StarterContent/Materials/M_CobbleStone_Rough.uasset" 526
"../../../Movement/Content/StarterContent/Textures/T_CobbleStone_Smooth_D.uasset" 527
"../../../Movement/Content/StarterContent/Textures/T_CobbleStone_Smooth_M.uasset" 528
"../../../Movement/Content/StarterContent/Textures/T_CobbleStone_Smooth_N.uasset" 529
"../../../Movement/Content/StarterContent/Materials/M_CobbleStone_Smooth.uasset" 530
"../../../Movement/Content/StarterContent/Textures/T_Concrete_Grime_D.uasset" 531
"../../../Movement/Content/StarterContent/Textures/T_Metal_Rust_N.uasset" 532
"../../../Movement/Content/StarterContent/Materials/M_Concrete_Grime.uasset" 533
"../../../Movement/Content/StarterContent/Textures/T_Concrete_Panels_D.uasset" 534
"../../../Movement/Content/StarterContent/Textures/T_Concrete_Panels_N.uasset" 535
"../../../Movement/Content/StarterContent/Materials/M_Concrete_Panels.uasset" 536
"../../../Movement/Content/StarterContent/Textures/T_Concrete_Poured_D.uasset" 537
"../../../Movement/Content/StarterContent/Textures/T_Concrete_Poured_N.uasset" 538
"../../../Movement/Content/StarterContent/Materials/M_Concrete_Poured.uasset" 539
"../../../Movement/Content/StarterContent/Textures/T_Concrete_Tiles_D.uasset" 540
"../../../Movement/Content/StarterContent/Textures/T_Concrete_Tiles_M.uasset" 541
"../../../Movement/Content/StarterContent/Textures/T_Concrete_Tiles_N.uasset" 542
"../../../Movement/Content/StarterContent/Textures/T_Concrete_Tiles_Variation_M.uasset" 543
"../../../Movement/Content/StarterContent/Materials/M_Concrete_Tiles.uasset" 544
"../../../Movement/Content/StarterContent/Textures/T_Ground_Grass_D.uasset" 545
"../../../Movement/Content/StarterContent/Textures/T_Ground_Grass_N.uasset" 546
"../../../Movement/Content/StarterContent/Materials/M_Ground_Grass.uasset" 547
"../../../Movement/Content/StarterContent/Textures/T_Ground_Gravel_D.uasset" 548
"../../../Movement/Content/StarterContent/Textures/T_Ground_Gravel_N.uasset" 549
"../../../Movement/Content/StarterContent/Materials/M_Ground_Gravel.uasset" 550
"../../../Movement/Content/StarterContent/Textures/T_ground_Moss_D.uasset" 551
"../../../Movement/Content/StarterContent/Textures/T_Ground_Moss_N.uasset" 552
"../../../Movement/Content/StarterContent/Materials/M_Ground_Moss.uasset" 553
"../../../Movement/Content/StarterContent/Materials/M_Metal_Chrome.uasset" 554
"../../../Movement/Content/StarterContent/Textures/T_Metal_Gold_D.uasset" 555
"../../../Movement/Content/StarterContent/Materials/M_Metal_Gold.uasset" 556
"../../../Movement/Content/StarterContent/Textures/T_Metal_Rust_D.uasset" 557
"../../../Movement/Content/StarterContent/Materials/M_Metal_Rust.uasset" 558
"../../../Movement/Content/StarterContent/Textures/T_Metal_Steel_D.uasset" 559
"../../../Movement/Content/StarterContent/Textures/T_Metal_Steel_N.uasset" 560
"../../../Movement/Content/StarterContent/Materials/M_Metal_Steel.uasset" 561
"../../../Movement/Content/StarterContent/Textures/T_Rock_Basalt_N.uasset" 562
"../../../Movement/Content/StarterContent/Materials/M_Rock_Basalt.uasset" 563
"../../../Movement/Content/StarterContent/Materials/M_Rock_Marble_Polished.uasset" 564
"../../../Movement/Content/StarterContent/Textures/T_Rock_Sandstone_D.uasset" 565
"../../../Movement/Content/StarterContent/Textures/T_Rock_Sandstone_N.uasset" 566
"../../../Movement/Content/StarterContent/Materials/M_Rock_Sandstone.uasset" 567
"../../../Movement/Content/StarterContent/Textures/T_Rock_Slate_D.uasset" 568
"../../../Movement/Content/StarterContent/Textures/T_Rock_Slate_N.uasset" 569
"../../../Movement/Content/StarterContent/Materials/M_Rock_Slate.uasset" 570
"../../../Movement/Content/StarterContent/Textures/T_Checker_Noise_M.uasset" 571
"../../../Movement/Content/StarterContent/Textures/T_Single_Tile_N.uasset" 572
"../../../Movement/Content/StarterContent/Textures/T_Tech_Dot_M.uasset" 573
"../../../Movement/Content/StarterContent/Textures/T_Tech_Dot_N.uasset" 574
"../../../Movement/Content/StarterContent/Materials/M_Tech_Checker_Dot.uasset" 575
"../../../Movement/Content/StarterContent/Textures/T_Tech_Hex_Tile_M.uasset" 576
"../../../Movement/Content/StarterContent/Textures/T_Tech_Hex_Tile_N.uasset" 577
"../../../Movement/Content/StarterContent/Materials/M_Tech_Hex_Tile.uasset" 578
"../../../Movement/Content/StarterContent/Materials/M_Tech_Hex_Tile_Pulse.uasset" 579
"../../../Movement/Content/StarterContent/Textures/T_Tech_Panel_M.uasset" 580
"../../../Movement/Content/StarterContent/Textures/T_Tech_Panel_N.uasset" 581
"../../../Movement/Content/StarterContent/Materials/M_Tech_Panel.uasset" 582
"../../../Movement/Content/StarterContent/Materials/M_Water_Lake.uasset" 583
"../../../Movement/Content/StarterContent/Textures/T_Water_M.uasset" 584
"../../../Movement/Content/StarterContent/Materials/M_Water_Ocean.uasset" 585
"../../../Movement/Content/StarterContent/Textures/T_Wood_Floor_Walnut_D.uasset" 586
"../../../Movement/Content/StarterContent/Textures/T_Wood_Floor_Walnut_M.uasset" 587
"../../../Movement/Content/StarterContent/Textures/T_Wood_Floor_Walnut_N.uasset" 588
"../../../Movement/Content/StarterContent/Materials/M_Wood_Floor_Walnut_Polished.uasset" 589
"../../../Engine/Content/Functions/Engine_MaterialFunctions01/Opacity/AlphaOffset.uasset" 590
"../../../Movement/Content/StarterContent/Materials/M_Wood_Floor_Walnut_Worn.uasset" 591
"../../../Movement/Content/StarterContent/Textures/T_Wood_Oak_D.uasset" 592
"../../../Movement/Content/StarterContent/Textures/T_Wood_Oak_N.uasset" 593
"../../../Movement/Content/StarterContent/Materials/M_Wood_Oak.uasset" 594
"../../../Movement/Content/StarterContent/Textures/T_Wood_Pine_D.uasset" 595
"../../../Movement/Content/StarterContent/Textures/T_Wood_Pine_N.uasset" 596
"../../../Movement/Content/StarterContent/Materials/M_Wood_Pine.uasset" 597
"../../../Movement/Content/StarterContent/Textures/T_Wood_Walnut_D.uasset" 598
"../../../Movement/Content/StarterContent/Textures/T_Wood_Walnut_N.uasset" 599
"../../../Movement/Content/StarterContent/Materials/M_Wood_Walnut.uasset" 600
"../../../Movement/Content/StarterContent/Architecture/Wall_400x200.uasset" 601
"../../../Movement/Content/StarterContent/Architecture/Wall_Door_400x300.uasset" 602
"../../../Movement/Content/StarterContent/Architecture/Wall_Window_400x300.uasset" 603
"../../../Movement/Content/StarterContent/Audio/Collapse_Cue.uasset" 604
"../../../Movement/Content/StarterContent/Audio/Starter_Music_Cue.uasset" 605
"../../../Movement/Content/StarterContent/Textures/T_Dust_Particle_D.uasset" 606
"../../../Movement/Content/StarterContent/Particles/Materials/M_Dust_Particle.uasset" 607
"../../../Movement/Content/StarterContent/Particles/P_Ambient_Dust.uasset" 608
"../../../Movement/Content/StarterContent/Textures/T_Frame_M.uasset" 609
"../../../Movement/Content/StarterContent/Textures/T_Frame_N.uasset" 610
"../../../Movement/Content/StarterContent/Props/Materials/M_Frame.uasset" 611
"../../../Movement/Content/StarterContent/Props/SM_CornerFrame.uasset" 612
"../../../Movement/Content/StarterContent/Props/SM_DoorFrame.uasset" 613
"../../../Movement/Content/StarterContent/Props/SM_GlassWindow.uasset" 614
"../../../Movement/Content/StarterContent/Props/SM_PillarFrame.uasset" 615
"../../../Movement/Content/StarterContent/Props/SM_PillarFrame300.uasset" 616
"../../../Movement/Content/StarterContent/Props/SM_WindowFrame.uasset" 617
"../../../Movement/Content/StarterContent/Shapes/Shape_Cube.uasset" 618
"../../../Movement/Content/StarterContent/Shapes/Shape_QuadPyramid.uasset" 619
"../../../Movement/Content/StarterContent/Shapes/Shape_Sphere.uasset" 620
"../../../Movement/Content/StarterContent/Maps/StarterMap.umap" 621
"../../../Movement/Content/Asteroids/initialShadingGroup.uasset" 622
"../../../Movement/Content/Asteroids/Ast1.uasset" 623
"../../../Movement/Content/Asteroids/Ast1_BP.uasset" 624
"../../../Movement/Content/Asteroids/Ast2.uasset" 625
"../../../Movement/Content/Asteroids/Ast2_BP.uasset" 626
"../../../Movement/Content/Asteroids/Ast3.uasset" 627
"../../../Movement/Content/Asteroids/Ast3_BP.uasset" 628
"../../../Movement/Content/Asteroids/Ast4.uasset" 629
"../../../Movement/Content/Asteroids/Ast4_BP.uasset" 630
"../../../Movement/Content/Asteroids/Ast5.uasset" 631
"../../../Movement/Content/Asteroids/Ast5_BP.uasset" 632
"../../../Movement/Content/Asteroids/Bst1.uasset" 633
"../../../Movement/Content/Asteroids/Bst1_BP.uasset" 634
"../../../Movement/Content/Asteroids/Bst4.uasset" 635
"../../../Movement/Content/Asteroids/Bst4_BP.uasset" 636
"../../../Movement/Content/Sky/Sky.uasset" 637
"../../../Engine/Content/MapTemplates/Sky/T_Sky_Stars.uasset" 638
"../../../Engine/Content/MapTemplates/Sky/T_UDK_Sky_CloudMask01_N.uasset" 639
"../../../Engine/Content/MapTemplates/T_UDK_Sky_CloudMask03.uasset" 640
"../../../Engine/Content/MapTemplates/Sky/M_Procedural_Sky_MASTER02.uasset" 641
"../../../Engine/Content/MapTemplates/Sky/SM_SkySphere.uasset" 642
"../../../Movement/Content/Sky/SkyActor.uasset" 643
"../../../Movement/Content/ThirdPersonCPP/Maps/ThirdPersonExampleMap_BuiltData.uasset" 644
"../../../Movement/Content/Space.uasset" 645
"../../../Movement/Content/StarterContent/Materials/YellowGlow.uasset" 646
"../../../Movement/Content/MultiColoredOutlineFX/MultiColoredOutlineFX/Content/Base/PP_OutlineColored.uasset" 647
"../../../Movement/Content/MultiColoredOutlineFX/MultiColoredOutlineFX/Content/Base/PPI_OutlineColored.uasset" 648
"../../../Movement/Content/Geometry/Meshes/1M_Cube.uasset" 649
"../../../Movement/Content/Geometry/Meshes/TemplateFloor.uasset" 650
"../../../Movement/Content/ThirdPersonCPP/Maps/ThirdPersonExampleMap.umap" 651
"../../../Engine/Content/Maps/Entry.umap" 652
